<?xml version="1.0" encoding="UTF-8"?>
<!-- Generated by org.testng.reporters.JUnitXMLReporter -->
<testsuite hostname="GN2LADTPG02A9XX" ignored="0" name="Default test" tests="2" failures="0" timestamp="28 Oct 2022 09:20:54 GMT" time="81.121" errors="0">
  <testcase name="runScenario" time="21.466" classname="io.cucumber.testng.AbstractTestNGCucumberTests"/>
  <testcase name="runScenario" time="40.447" classname="io.cucumber.testng.AbstractTestNGCucumberTests"/>
</testsuite> <!-- Default test -->
