<?xml version="1.0" encoding="UTF-8"?>
<testng-results skipped="0" failed="0" ignored="0" total="2" passed="2">
  <reporter-output>
  </reporter-output>
  <suite name="Default suite" duration-ms="81121" started-at="2022-10-28T09:19:33Z" finished-at="2022-10-28T09:20:54Z">
    <groups>
      <group name="cucumber">
        <method signature="AbstractTestNGCucumberTests.runScenario(io.cucumber.testng.PickleWrapper, io.cucumber.testng.FeatureWrapper)[pri:0, instance:com.igt.runner.TestRunner@2173f6d9]" name="runScenario" class="io.cucumber.testng.AbstractTestNGCucumberTests"/>
      </group> <!-- cucumber -->
    </groups>
    <test name="Default test" duration-ms="81121" started-at="2022-10-28T09:19:33Z" finished-at="2022-10-28T09:20:54Z">
      <class name="com.igt.runner.TestRunner">
        <test-method status="PASS" signature="setUpClass(org.testng.ITestContext)[pri:0, instance:com.igt.runner.TestRunner@2173f6d9]" name="setUpClass" is-config="true" duration-ms="1540" started-at="2022-10-28T09:19:33Z" finished-at="2022-10-28T09:19:34Z">
          <params>
            <param index="0">
              <value>
                <![CDATA[org.testng.TestRunner@29f3185c]]>
              </value>
            </param>
          </params>
          <reporter-output>
          </reporter-output>
        </test-method> <!-- setUpClass -->
        <test-method status="PASS" signature="runScenario(io.cucumber.testng.PickleWrapper, io.cucumber.testng.FeatureWrapper)[pri:0, instance:com.igt.runner.TestRunner@2173f6d9]" name="runScenario" duration-ms="21466" started-at="2022-10-28T09:19:34Z" description="Runs Cucumber Scenarios" data-provider="scenarios" finished-at="2022-10-28T09:19:56Z">
          <params>
            <param index="0">
              <value>
                <![CDATA["User now enters the valid credentials and clicks on Login button"]]>
              </value>
            </param>
            <param index="1">
              <value>
                <![CDATA["Optional[login feature of IQD]"]]>
              </value>
            </param>
          </params>
          <reporter-output>
          </reporter-output>
        </test-method> <!-- runScenario -->
        <test-method status="PASS" signature="runScenario(io.cucumber.testng.PickleWrapper, io.cucumber.testng.FeatureWrapper)[pri:0, instance:com.igt.runner.TestRunner@2173f6d9]" name="runScenario" duration-ms="40447" started-at="2022-10-28T09:19:56Z" description="Runs Cucumber Scenarios" data-provider="scenarios" finished-at="2022-10-28T09:20:36Z">
          <params>
            <param index="0">
              <value>
                <![CDATA["Create new task"]]>
              </value>
            </param>
            <param index="1">
              <value>
                <![CDATA["Optional[MasterData task feature of IQD]"]]>
              </value>
            </param>
          </params>
          <reporter-output>
          </reporter-output>
        </test-method> <!-- runScenario -->
        <test-method status="PASS" signature="tearDownClass()[pri:0, instance:com.igt.runner.TestRunner@2173f6d9]" name="tearDownClass" is-config="true" duration-ms="17625" started-at="2022-10-28T09:20:36Z" finished-at="2022-10-28T09:20:54Z">
          <reporter-output>
          </reporter-output>
        </test-method> <!-- tearDownClass -->
        <test-method status="PASS" signature="last()[pri:0, instance:com.igt.runner.TestRunner@2173f6d9]" name="last" is-config="true" duration-ms="802" started-at="2022-10-28T09:20:54Z" finished-at="2022-10-28T09:20:55Z">
          <reporter-output>
          </reporter-output>
        </test-method> <!-- last -->
      </class> <!-- com.igt.runner.TestRunner -->
    </test> <!-- Default test -->
  </suite> <!-- Default suite -->
</testng-results>
